<?xml version="1.0" encoding="UTF-8" standalone="no"?>
<testsuite failures="0" name="cucumber.runtime.formatter.JUnitFormatter" skipped="0" tests="1" time="30.940804">
<testcase classname="Deal data creation" name="Free CRM Create a new deal scenario" time="30.940804">
<system-out><![CDATA[Given user is already on Login page.........................................passed
When title of login page is Free CRM........................................passed
Then user enters username and password......................................passed
Then user clicks on login button............................................passed
Then user is on home page...................................................passed
Then user mouse over on Deals link..........................................passed
Then user enters deal details...............................................passed
Then close browser..........................................................passed
]]></system-out>
</testcase>
</testsuite>
